


ARM Macro Assembler    Page 1 


    1 00000000         ;/******************************************************
                       ***********************
    2 00000000         ; * @file:    startup_RN8XXX_V2.s
    3 00000000         ; * @purpose: CMSIS Cortex-M0 Core Device Startup File
    4 00000000         ; *           for RN8XXX_V2
    5 00000000         ; * @version: V1.0.0
    6 00000000         ; * @date:    2023/2/2
    7 00000000         ; *------- <<< Use Configuration Wizard in Context Menu 
                       >>> ------------------
    8 00000000         ; *
    9 00000000         ; *
   10 00000000         ; ******************************************************
                       ***********************/
   11 00000000         
   12 00000000         ; <h> Stack Configuration
   13 00000000         ;   <o> Stack Size (in Bytes) <0x0-0xFFFFFFFF:8>
   14 00000000         ; </h>
   15 00000000 00000600 
                       Stack_Size
                               EQU              0x00000600
   16 00000000 00000000 
                       UNUSEDIRQ
                               EQU              0
   17 00000000 00000000 
                       UNUSEDUART
                               EQU              0
   18 00000000                 AREA             STACK, NOINIT, READWRITE, ALIGN
=3
   19 00000000         Stack_Mem
                               SPACE            Stack_Size
   20 00000600         __initial_sp
   21 00000600         
   22 00000600         
   23 00000600         ; <h> Heap Configuration
   24 00000600         ;   <o>  Heap Size (in Bytes) <0x0-0xFFFFFFFF:8>
   25 00000600         ; </h>
   26 00000600         
   27 00000600 00000000 
                       Heap_Size
                               EQU              0x00000000
   28 00000600         
   29 00000600                 AREA             HEAP, NOINIT, READWRITE, ALIGN=
3
   30 00000000         __heap_base
   31 00000000         Heap_Mem
                               SPACE            Heap_Size
   32 00000000         __heap_limit
   33 00000000         
   34 00000000         
   35 00000000                 PRESERVE8
   36 00000000                 THUMB
   37 00000000         
   38 00000000         ; Vector Table Mapped to Address 0 at Reset
   39 00000000         
   40 00000000                 AREA             RESET, DATA, READONLY
   41 00000000                 EXPORT           __Vectors
   42 00000000                 EXPORT           __Vectors_End
   43 00000000                 EXPORT           __Vectors_Size
   44 00000000         



ARM Macro Assembler    Page 2 


   45 00000000 00000000 
                       __Vectors
                               DCD              __initial_sp ; Top of Stack
   46 00000004 00000000        DCD              Reset_Handler ; Reset Handler
   47 00000008 00000000        DCD              NMI_Handler ; NMI Handler
   48 0000000C 00000000        DCD              HardFault_Handler ; Hard Fault 
                                                            Handler
   49 00000010 00000000        DCD              0           ; Reserved
   50 00000014 00000000        DCD              0           ; Reserved
   51 00000018 00000000        DCD              0           ; Reserved
   52 0000001C 00000000        DCD              0           ; Reserved
   53 00000020 00000000        DCD              0           ; Reserved
   54 00000024 00000000        DCD              0           ; Reserved
   55 00000028 00000000        DCD              0           ; Reserved
   56 0000002C 00000000        DCD              SVC_Handler ; SVCall Handler
   57 00000030 00000000        DCD              0           ; Reserved
   58 00000034 00000000        DCD              0           ; Reserved
   59 00000038 00000000        DCD              PendSV_Handler ; PendSV Handler
                                                            
   60 0000003C 00000000        DCD              SysTick_Handler 
                                                            ; SysTick Handler
   61 00000040         
   62 00000040 00000000        DCD              SYSCLKCAL_HANDLER
   63 00000044 00000000        DCD              CMP_HANDLER
   64 00000048 00000000        DCD              0
   65 0000004C 00000000        DCD              RTC_HANDLER
   66 00000050 00000000        DCD              D2F_HANDLER
   67 00000054 00000000        DCD              MADC_HANDLER
   68 00000058 00000000        DCD              UART0_HANDLER
   69 0000005C 00000000        DCD              UART1_HANDLER
   70 00000060 00000000        DCD              UART2_HANDLER
   71 00000064 00000000        DCD              UART3_HANDLER
   72 00000068 00000000        DCD              SPI_HANDLER
   73 0000006C 00000000        DCD              I2C_HANDLER
   74 00000070 00000000        DCD              ISO78160_HANDLER
   75 00000074 00000000        DCD              ISO78161_HANDLER
   76 00000078 00000000        DCD              TC0_HANDLER
   77 0000007C 00000000        DCD              TC1_HANDLER
   78 00000080 00000000        DCD              UART4_HANDLER
   79 00000084 00000000        DCD              UART5_HANDLER
   80 00000088 00000000        DCD              WDT_HANDLER
   81 0000008C 00000000        DCD              KBI_HANDLER
   82 00000090 00000000        DCD              LCD_HANDLER
   83 00000094 00000000        DCD              0
   84 00000098 00000000        DCD              0
   85 0000009C 00000000        DCD              SPI1_HANDLER
   86 000000A0 00000000        DCD              EXT0_HANDLER
   87 000000A4 00000000        DCD              EXT1_HANDLER
   88 000000A8 00000000        DCD              EXT2_HANDLER
   89 000000AC 00000000        DCD              EXT3_HANDLER
   90 000000B0 00000000        DCD              EXT4_HANDLER
   91 000000B4 00000000        DCD              EXT5_HANDLER
   92 000000B8 00000000        DCD              EXT6_HANDLER
   93 000000BC 00000000        DCD              EXT7_HANDLER
   94 000000C0         
   95 000000C0         __Vectors_End
   96 000000C0         
   97 000000C0 000000C0 
                       __Vectors_Size



ARM Macro Assembler    Page 3 


                               EQU              __Vectors_End - __Vectors
   98 000000C0         
   99 000000C0         
  100 000000C0                 AREA             |.text|, CODE, READONLY
  101 00000000         
  102 00000000         
  103 00000000         ; Reset Handler
  104 00000000         
  105 00000000         Reset_Handler
                               PROC
  106 00000000                 EXPORT           Reset_Handler             [WEAK
]
  107 00000000                 IMPORT           SystemInit
  108 00000000                 IMPORT           __main
  109 00000000 4812            LDR              R0, =SystemInit
  110 00000002 4780            BLX              R0
  111 00000004 4812            LDR              R0, =__main
  112 00000006 4700            BX               R0
  113 00000008                 ENDP
  114 00000008         
  115 00000008         
  116 00000008         ; Dummy Exception Handlers (infinite loops which can be 
                       modified)
  117 00000008         
  118 00000008         ;                IF UNUSEDIRQ <> 1
  119 00000008         NMI_Handler
                               PROC
  120 00000008                 EXPORT           NMI_Handler               [WEAK
]
  121 00000008 E7FE            B                .
  122 0000000A                 ENDP
  124 0000000A         HardFault_Handler
                               PROC
  125 0000000A                 EXPORT           HardFault_Handler         [WEAK
]
  126 0000000A E7FE            B                .
  127 0000000C                 ENDP
  128 0000000C         SVC_Handler
                               PROC
  129 0000000C                 EXPORT           SVC_Handler               [WEAK
]
  130 0000000C E7FE            B                .
  131 0000000E                 ENDP
  132 0000000E         PendSV_Handler
                               PROC
  133 0000000E                 EXPORT           PendSV_Handler            [WEAK
]
  134 0000000E E7FE            B                .
  135 00000010                 ENDP
  136 00000010         SysTick_Handler
                               PROC
  137 00000010                 EXPORT           SysTick_Handler           [WEAK
]
  138 00000010 E7FE            B                .
  139 00000012                 ENDP
  140 00000012         EXT0_HANDLER
                               PROC
  141 00000012                 EXPORT           EXT0_HANDLER     [WEAK]
  142 00000012 E7FE            B                .



ARM Macro Assembler    Page 4 


  143 00000014                 ENDP
  144 00000014         EXT1_HANDLER
                               PROC
  145 00000014                 EXPORT           EXT1_HANDLER     [WEAK]
  146 00000014 E7FE            B                .
  147 00000016                 ENDP
  148 00000016         EXT2_HANDLER
                               PROC
  149 00000016                 EXPORT           EXT2_HANDLER     [WEAK]
  150 00000016 E7FE            B                .
  151 00000018                 ENDP
  152 00000018         EXT3_HANDLER
                               PROC
  153 00000018                 EXPORT           EXT3_HANDLER     [WEAK]
  154 00000018 E7FE            B                .
  155 0000001A                 ENDP
  156 0000001A         EXT4_HANDLER
                               PROC
  157 0000001A                 EXPORT           EXT4_HANDLER     [WEAK]
  158 0000001A E7FE            B                .
  159 0000001C                 ENDP
  160 0000001C         EXT5_HANDLER
                               PROC
  161 0000001C                 EXPORT           EXT5_HANDLER     [WEAK]
  162 0000001C E7FE            B                .
  163 0000001E                 ENDP
  164 0000001E         EXT6_HANDLER
                               PROC
  165 0000001E                 EXPORT           EXT6_HANDLER     [WEAK]
  166 0000001E E7FE            B                .
  167 00000020                 ENDP
  168 00000020         EXT7_HANDLER
                               PROC
  169 00000020                 EXPORT           EXT7_HANDLER     [WEAK]
  170 00000020 E7FE            B                .
  171 00000022                 ENDP
  172 00000022         RTC_HANDLER
                               PROC
  173 00000022                 EXPORT           RTC_HANDLER      [WEAK]
  174 00000022 E7FE            B                .
  175 00000024                 ENDP
  176 00000024         D2F_HANDLER
                               PROC
  177 00000024                 EXPORT           D2F_HANDLER      [WEAK]
  178 00000024 E7FE            B                .
  179 00000026                 ENDP
  180 00000026         MADC_HANDLER
                               PROC
  181 00000026                 EXPORT           MADC_HANDLER     [WEAK]
  182 00000026 E7FE            B                .
  183 00000028                 ENDP
  184 00000028         UART0_HANDLER
                               PROC
  185 00000028                 EXPORT           UART0_HANDLER     [WEAK]
  186 00000028 E7FE            B                .
  187 0000002A                 ENDP
  188 0000002A         UART1_HANDLER
                               PROC
  189 0000002A                 EXPORT           UART1_HANDLER     [WEAK]



ARM Macro Assembler    Page 5 


  190 0000002A E7FE            B                .
  191 0000002C                 ENDP
  192 0000002C         UART2_HANDLER
                               PROC
  193 0000002C                 EXPORT           UART2_HANDLER     [WEAK]
  194 0000002C E7FE            B                .
  195 0000002E                 ENDP
  196 0000002E         UART3_HANDLER
                               PROC
  197 0000002E                 EXPORT           UART3_HANDLER     [WEAK]
  198 0000002E E7FE            B                .
  199 00000030                 ENDP
  200 00000030         SPI_HANDLER
                               PROC
  201 00000030                 EXPORT           SPI_HANDLER      [WEAK]
  202 00000030 E7FE            B                .
  203 00000032                 ENDP
  204 00000032         I2C_HANDLER
                               PROC
  205 00000032                 EXPORT           I2C_HANDLER      [WEAK]
  206 00000032 E7FE            B                .
  207 00000034                 ENDP
  208 00000034         ISO78161_HANDLER
                               PROC
  209 00000034                 EXPORT           ISO78161_HANDLER    [WEAK]
  210 00000034 E7FE            B                .
  211 00000036                 ENDP
  212 00000036         ISO78160_HANDLER
                               PROC
  213 00000036                 EXPORT           ISO78160_HANDLER    [WEAK]
  214 00000036 E7FE            B                .
  215 00000038                 ENDP
  216 00000038         TC0_HANDLER
                               PROC
  217 00000038                 EXPORT           TC0_HANDLER      [WEAK]
  218 00000038 E7FE            B                .
  219 0000003A                 ENDP
  220 0000003A         TC1_HANDLER
                               PROC
  221 0000003A                 EXPORT           TC1_HANDLER      [WEAK]
  222 0000003A E7FE            B                .
  223 0000003C                 ENDP
  224 0000003C         UART4_HANDLER
                               PROC
  225 0000003C                 EXPORT           UART4_HANDLER      [WEAK]
  226 0000003C E7FE            B                .
  227 0000003E                 ENDP
  228 0000003E         UART5_HANDLER
                               PROC
  229 0000003E                 EXPORT           UART5_HANDLER      [WEAK]
  230 0000003E E7FE            B                .
  231 00000040                 ENDP
  232 00000040         WDT_HANDLER
                               PROC
  233 00000040                 EXPORT           WDT_HANDLER      [WEAK]
  234 00000040 E7FE            B                .
  235 00000042                 ENDP
  236 00000042         KBI_HANDLER
                               PROC



ARM Macro Assembler    Page 6 


  237 00000042                 EXPORT           KBI_HANDLER      [WEAK]
  238 00000042 E7FE            B                .
  239 00000044                 ENDP
  240 00000044         LCD_HANDLER
                               PROC
  241 00000044                 EXPORT           LCD_HANDLER      [WEAK]
  242 00000044 E7FE            B                .
  243 00000046                 ENDP
  244 00000046         CMP_HANDLER
                               PROC
  245 00000046                 EXPORT           CMP_HANDLER       [WEAK]
  246 00000046 E7FE            B                .
  247 00000048                 ENDP
  248 00000048         SYSCLKCAL_HANDLER
                               PROC
  249 00000048                 EXPORT           SYSCLKCAL_HANDLER         [WEAK
]
  250 00000048 E7FE            B                .
  251 0000004A                 ENDP
  252 0000004A         SPI1_HANDLER
                               PROC
  253 0000004A                 EXPORT           SPI1_HANDLER         [WEAK]
  254 0000004A E7FE            B                .
  255 0000004C                 ENDP
  256 0000004C         
  257 0000004C                 ALIGN
  258 0000004C         
  259 0000004C         
  260 0000004C         ; User Initial Stack & Heap
  261 0000004C         
  262 0000004C                 IF               :DEF:__MICROLIB
  263 0000004C         
  264 0000004C                 EXPORT           __initial_sp
  265 0000004C                 EXPORT           __heap_base
  266 0000004C                 EXPORT           __heap_limit
  267 0000004C         
  268 0000004C                 ELSE
  282                          ENDIF
  283 0000004C         
  284 0000004C         
  285 0000004C                 END
              00000000 
              00000000 
Command Line: --debug --xref --diag_suppress=9931 --cpu=Cortex-M0 --apcs=interw
ork --depend=.\objects\startup_rn8xxx_v2.d -o.\objects\startup_rn8xxx_v2.o -Id:
\Users\xiaochunfeng\AppData\Local\Arm\Packs\ARM\CMSIS\5.7.0\Device\ARM\ARMCM0\I
nclude -Id:\Keil_v5\ARM\CMSIS\Include --predefine="__MICROLIB SETA 1" --predefi
ne="__UVISION_VERSION SETA 533" --predefine="ARMCM0 SETA 1" --list=.\listings\s
tartup_rn8xxx_v2.lst Startup\startup_RN8XXX_V2.s



ARM Macro Assembler    Page 1 Alphabetic symbol ordering
Relocatable symbols

STACK 00000000

Symbol: STACK
   Definitions
      At line 18 in file Startup\startup_RN8XXX_V2.s
   Uses
      None
Comment: STACK unused
Stack_Mem 00000000

Symbol: Stack_Mem
   Definitions
      At line 19 in file Startup\startup_RN8XXX_V2.s
   Uses
      None
Comment: Stack_Mem unused
__initial_sp 00000600

Symbol: __initial_sp
   Definitions
      At line 20 in file Startup\startup_RN8XXX_V2.s
   Uses
      At line 45 in file Startup\startup_RN8XXX_V2.s
      At line 264 in file Startup\startup_RN8XXX_V2.s

3 symbols



ARM Macro Assembler    Page 1 Alphabetic symbol ordering
Relocatable symbols

HEAP 00000000

Symbol: HEAP
   Definitions
      At line 29 in file Startup\startup_RN8XXX_V2.s
   Uses
      None
Comment: HEAP unused
Heap_Mem 00000000

Symbol: Heap_Mem
   Definitions
      At line 31 in file Startup\startup_RN8XXX_V2.s
   Uses
      None
Comment: Heap_Mem unused
__heap_base 00000000

Symbol: __heap_base
   Definitions
      At line 30 in file Startup\startup_RN8XXX_V2.s
   Uses
      At line 265 in file Startup\startup_RN8XXX_V2.s
Comment: __heap_base used once
__heap_limit 00000000

Symbol: __heap_limit
   Definitions
      At line 32 in file Startup\startup_RN8XXX_V2.s
   Uses
      At line 266 in file Startup\startup_RN8XXX_V2.s
Comment: __heap_limit used once
4 symbols



ARM Macro Assembler    Page 1 Alphabetic symbol ordering
Relocatable symbols

RESET 00000000

Symbol: RESET
   Definitions
      At line 40 in file Startup\startup_RN8XXX_V2.s
   Uses
      None
Comment: RESET unused
__Vectors 00000000

Symbol: __Vectors
   Definitions
      At line 45 in file Startup\startup_RN8XXX_V2.s
   Uses
      At line 41 in file Startup\startup_RN8XXX_V2.s
      At line 97 in file Startup\startup_RN8XXX_V2.s

__Vectors_End 000000C0

Symbol: __Vectors_End
   Definitions
      At line 95 in file Startup\startup_RN8XXX_V2.s
   Uses
      At line 42 in file Startup\startup_RN8XXX_V2.s
      At line 97 in file Startup\startup_RN8XXX_V2.s

3 symbols



ARM Macro Assembler    Page 1 Alphabetic symbol ordering
Relocatable symbols

.text 00000000

Symbol: .text
   Definitions
      At line 100 in file Startup\startup_RN8XXX_V2.s
   Uses
      None
Comment: .text unused
CMP_HANDLER 00000046

Symbol: CMP_HANDLER
   Definitions
      At line 244 in file Startup\startup_RN8XXX_V2.s
   Uses
      At line 63 in file Startup\startup_RN8XXX_V2.s
      At line 245 in file Startup\startup_RN8XXX_V2.s

D2F_HANDLER 00000024

Symbol: D2F_HANDLER
   Definitions
      At line 176 in file Startup\startup_RN8XXX_V2.s
   Uses
      At line 66 in file Startup\startup_RN8XXX_V2.s
      At line 177 in file Startup\startup_RN8XXX_V2.s

EXT0_HANDLER 00000012

Symbol: EXT0_HANDLER
   Definitions
      At line 140 in file Startup\startup_RN8XXX_V2.s
   Uses
      At line 86 in file Startup\startup_RN8XXX_V2.s
      At line 141 in file Startup\startup_RN8XXX_V2.s

EXT1_HANDLER 00000014

Symbol: EXT1_HANDLER
   Definitions
      At line 144 in file Startup\startup_RN8XXX_V2.s
   Uses
      At line 87 in file Startup\startup_RN8XXX_V2.s
      At line 145 in file Startup\startup_RN8XXX_V2.s

EXT2_HANDLER 00000016

Symbol: EXT2_HANDLER
   Definitions
      At line 148 in file Startup\startup_RN8XXX_V2.s
   Uses
      At line 88 in file Startup\startup_RN8XXX_V2.s
      At line 149 in file Startup\startup_RN8XXX_V2.s

EXT3_HANDLER 00000018

Symbol: EXT3_HANDLER
   Definitions
      At line 152 in file Startup\startup_RN8XXX_V2.s
   Uses



ARM Macro Assembler    Page 2 Alphabetic symbol ordering
Relocatable symbols

      At line 89 in file Startup\startup_RN8XXX_V2.s
      At line 153 in file Startup\startup_RN8XXX_V2.s

EXT4_HANDLER 0000001A

Symbol: EXT4_HANDLER
   Definitions
      At line 156 in file Startup\startup_RN8XXX_V2.s
   Uses
      At line 90 in file Startup\startup_RN8XXX_V2.s
      At line 157 in file Startup\startup_RN8XXX_V2.s

EXT5_HANDLER 0000001C

Symbol: EXT5_HANDLER
   Definitions
      At line 160 in file Startup\startup_RN8XXX_V2.s
   Uses
      At line 91 in file Startup\startup_RN8XXX_V2.s
      At line 161 in file Startup\startup_RN8XXX_V2.s

EXT6_HANDLER 0000001E

Symbol: EXT6_HANDLER
   Definitions
      At line 164 in file Startup\startup_RN8XXX_V2.s
   Uses
      At line 92 in file Startup\startup_RN8XXX_V2.s
      At line 165 in file Startup\startup_RN8XXX_V2.s

EXT7_HANDLER 00000020

Symbol: EXT7_HANDLER
   Definitions
      At line 168 in file Startup\startup_RN8XXX_V2.s
   Uses
      At line 93 in file Startup\startup_RN8XXX_V2.s
      At line 169 in file Startup\startup_RN8XXX_V2.s

HardFault_Handler 0000000A

Symbol: HardFault_Handler
   Definitions
      At line 124 in file Startup\startup_RN8XXX_V2.s
   Uses
      At line 48 in file Startup\startup_RN8XXX_V2.s
      At line 125 in file Startup\startup_RN8XXX_V2.s

I2C_HANDLER 00000032

Symbol: I2C_HANDLER
   Definitions
      At line 204 in file Startup\startup_RN8XXX_V2.s
   Uses
      At line 73 in file Startup\startup_RN8XXX_V2.s
      At line 205 in file Startup\startup_RN8XXX_V2.s

ISO78160_HANDLER 00000036




ARM Macro Assembler    Page 3 Alphabetic symbol ordering
Relocatable symbols

Symbol: ISO78160_HANDLER
   Definitions
      At line 212 in file Startup\startup_RN8XXX_V2.s
   Uses
      At line 74 in file Startup\startup_RN8XXX_V2.s
      At line 213 in file Startup\startup_RN8XXX_V2.s

ISO78161_HANDLER 00000034

Symbol: ISO78161_HANDLER
   Definitions
      At line 208 in file Startup\startup_RN8XXX_V2.s
   Uses
      At line 75 in file Startup\startup_RN8XXX_V2.s
      At line 209 in file Startup\startup_RN8XXX_V2.s

KBI_HANDLER 00000042

Symbol: KBI_HANDLER
   Definitions
      At line 236 in file Startup\startup_RN8XXX_V2.s
   Uses
      At line 81 in file Startup\startup_RN8XXX_V2.s
      At line 237 in file Startup\startup_RN8XXX_V2.s

LCD_HANDLER 00000044

Symbol: LCD_HANDLER
   Definitions
      At line 240 in file Startup\startup_RN8XXX_V2.s
   Uses
      At line 82 in file Startup\startup_RN8XXX_V2.s
      At line 241 in file Startup\startup_RN8XXX_V2.s

MADC_HANDLER 00000026

Symbol: MADC_HANDLER
   Definitions
      At line 180 in file Startup\startup_RN8XXX_V2.s
   Uses
      At line 67 in file Startup\startup_RN8XXX_V2.s
      At line 181 in file Startup\startup_RN8XXX_V2.s

NMI_Handler 00000008

Symbol: NMI_Handler
   Definitions
      At line 119 in file Startup\startup_RN8XXX_V2.s
   Uses
      At line 47 in file Startup\startup_RN8XXX_V2.s
      At line 120 in file Startup\startup_RN8XXX_V2.s

PendSV_Handler 0000000E

Symbol: PendSV_Handler
   Definitions
      At line 132 in file Startup\startup_RN8XXX_V2.s
   Uses
      At line 59 in file Startup\startup_RN8XXX_V2.s



ARM Macro Assembler    Page 4 Alphabetic symbol ordering
Relocatable symbols

      At line 133 in file Startup\startup_RN8XXX_V2.s

RTC_HANDLER 00000022

Symbol: RTC_HANDLER
   Definitions
      At line 172 in file Startup\startup_RN8XXX_V2.s
   Uses
      At line 65 in file Startup\startup_RN8XXX_V2.s
      At line 173 in file Startup\startup_RN8XXX_V2.s

Reset_Handler 00000000

Symbol: Reset_Handler
   Definitions
      At line 105 in file Startup\startup_RN8XXX_V2.s
   Uses
      At line 46 in file Startup\startup_RN8XXX_V2.s
      At line 106 in file Startup\startup_RN8XXX_V2.s

SPI1_HANDLER 0000004A

Symbol: SPI1_HANDLER
   Definitions
      At line 252 in file Startup\startup_RN8XXX_V2.s
   Uses
      At line 85 in file Startup\startup_RN8XXX_V2.s
      At line 253 in file Startup\startup_RN8XXX_V2.s

SPI_HANDLER 00000030

Symbol: SPI_HANDLER
   Definitions
      At line 200 in file Startup\startup_RN8XXX_V2.s
   Uses
      At line 72 in file Startup\startup_RN8XXX_V2.s
      At line 201 in file Startup\startup_RN8XXX_V2.s

SVC_Handler 0000000C

Symbol: SVC_Handler
   Definitions
      At line 128 in file Startup\startup_RN8XXX_V2.s
   Uses
      At line 56 in file Startup\startup_RN8XXX_V2.s
      At line 129 in file Startup\startup_RN8XXX_V2.s

SYSCLKCAL_HANDLER 00000048

Symbol: SYSCLKCAL_HANDLER
   Definitions
      At line 248 in file Startup\startup_RN8XXX_V2.s
   Uses
      At line 62 in file Startup\startup_RN8XXX_V2.s
      At line 249 in file Startup\startup_RN8XXX_V2.s

SysTick_Handler 00000010

Symbol: SysTick_Handler



ARM Macro Assembler    Page 5 Alphabetic symbol ordering
Relocatable symbols

   Definitions
      At line 136 in file Startup\startup_RN8XXX_V2.s
   Uses
      At line 60 in file Startup\startup_RN8XXX_V2.s
      At line 137 in file Startup\startup_RN8XXX_V2.s

TC0_HANDLER 00000038

Symbol: TC0_HANDLER
   Definitions
      At line 216 in file Startup\startup_RN8XXX_V2.s
   Uses
      At line 76 in file Startup\startup_RN8XXX_V2.s
      At line 217 in file Startup\startup_RN8XXX_V2.s

TC1_HANDLER 0000003A

Symbol: TC1_HANDLER
   Definitions
      At line 220 in file Startup\startup_RN8XXX_V2.s
   Uses
      At line 77 in file Startup\startup_RN8XXX_V2.s
      At line 221 in file Startup\startup_RN8XXX_V2.s

UART0_HANDLER 00000028

Symbol: UART0_HANDLER
   Definitions
      At line 184 in file Startup\startup_RN8XXX_V2.s
   Uses
      At line 68 in file Startup\startup_RN8XXX_V2.s
      At line 185 in file Startup\startup_RN8XXX_V2.s

UART1_HANDLER 0000002A

Symbol: UART1_HANDLER
   Definitions
      At line 188 in file Startup\startup_RN8XXX_V2.s
   Uses
      At line 69 in file Startup\startup_RN8XXX_V2.s
      At line 189 in file Startup\startup_RN8XXX_V2.s

UART2_HANDLER 0000002C

Symbol: UART2_HANDLER
   Definitions
      At line 192 in file Startup\startup_RN8XXX_V2.s
   Uses
      At line 70 in file Startup\startup_RN8XXX_V2.s
      At line 193 in file Startup\startup_RN8XXX_V2.s

UART3_HANDLER 0000002E

Symbol: UART3_HANDLER
   Definitions
      At line 196 in file Startup\startup_RN8XXX_V2.s
   Uses
      At line 71 in file Startup\startup_RN8XXX_V2.s
      At line 197 in file Startup\startup_RN8XXX_V2.s



ARM Macro Assembler    Page 6 Alphabetic symbol ordering
Relocatable symbols


UART4_HANDLER 0000003C

Symbol: UART4_HANDLER
   Definitions
      At line 224 in file Startup\startup_RN8XXX_V2.s
   Uses
      At line 78 in file Startup\startup_RN8XXX_V2.s
      At line 225 in file Startup\startup_RN8XXX_V2.s

UART5_HANDLER 0000003E

Symbol: UART5_HANDLER
   Definitions
      At line 228 in file Startup\startup_RN8XXX_V2.s
   Uses
      At line 79 in file Startup\startup_RN8XXX_V2.s
      At line 229 in file Startup\startup_RN8XXX_V2.s

WDT_HANDLER 00000040

Symbol: WDT_HANDLER
   Definitions
      At line 232 in file Startup\startup_RN8XXX_V2.s
   Uses
      At line 80 in file Startup\startup_RN8XXX_V2.s
      At line 233 in file Startup\startup_RN8XXX_V2.s

36 symbols



ARM Macro Assembler    Page 1 Alphabetic symbol ordering
Absolute symbols

Heap_Size 00000000

Symbol: Heap_Size
   Definitions
      At line 27 in file Startup\startup_RN8XXX_V2.s
   Uses
      At line 31 in file Startup\startup_RN8XXX_V2.s
Comment: Heap_Size used once
Stack_Size 00000600

Symbol: Stack_Size
   Definitions
      At line 15 in file Startup\startup_RN8XXX_V2.s
   Uses
      At line 19 in file Startup\startup_RN8XXX_V2.s
Comment: Stack_Size used once
UNUSEDIRQ 00000000

Symbol: UNUSEDIRQ
   Definitions
      At line 16 in file Startup\startup_RN8XXX_V2.s
   Uses
      None
Comment: UNUSEDIRQ unused
UNUSEDUART 00000000

Symbol: UNUSEDUART
   Definitions
      At line 17 in file Startup\startup_RN8XXX_V2.s
   Uses
      None
Comment: UNUSEDUART unused
__Vectors_Size 000000C0

Symbol: __Vectors_Size
   Definitions
      At line 97 in file Startup\startup_RN8XXX_V2.s
   Uses
      At line 43 in file Startup\startup_RN8XXX_V2.s
Comment: __Vectors_Size used once
5 symbols



ARM Macro Assembler    Page 1 Alphabetic symbol ordering
External symbols

SystemInit 00000000

Symbol: SystemInit
   Definitions
      At line 107 in file Startup\startup_RN8XXX_V2.s
   Uses
      At line 109 in file Startup\startup_RN8XXX_V2.s
Comment: SystemInit used once
__main 00000000

Symbol: __main
   Definitions
      At line 108 in file Startup\startup_RN8XXX_V2.s
   Uses
      At line 111 in file Startup\startup_RN8XXX_V2.s
Comment: __main used once
2 symbols
388 symbols in table
